This is pdfTeX, Version 3.14159265-2.6-1.40.18 (MiKTeX 2.9.6350 64-bit) (preloaded format=pdflatex 2017.10.20)  3 JUL 2019 17:25
entering extended mode
**"./Sound Reflection.tex"
("Sound Reflection.tex"
LaTeX2e <2017-04-15>
Babel <3.10> and hyphenation patterns for 75 language(s) loaded.
("C:\Program Files\MiKTeX 2.9\tex\latex\base\article.cls"
Document Class: article 2014/09/29 v1.4h Standard LaTeX document class
("C:\Program Files\MiKTeX 2.9\tex\latex\base\size12.clo"
File: size12.clo 2014/09/29 v1.4h Standard LaTeX file (size option)
)
\c@part=\count79
\c@section=\count80
\c@subsection=\count81
\c@subsubsection=\count82
\c@paragraph=\count83
\c@subparagraph=\count84
\c@figure=\count85
\c@table=\count86
\abovecaptionskip=\skip41
\belowcaptionskip=\skip42
\bibindent=\dimen102
)
("C:\Program Files\MiKTeX 2.9\tex\latex\titlesec\titlesec.sty"
Package: titlesec 2016/03/21 v2.10.2 Sectioning titles
\ttl@box=\box26
\beforetitleunit=\skip43
\aftertitleunit=\skip44
\ttl@plus=\dimen103
\ttl@minus=\dimen104
\ttl@toksa=\toks14
\titlewidth=\dimen105
\titlewidthlast=\dimen106
\titlewidthfirst=\dimen107
)
("C:\Program Files\MiKTeX 2.9\tex\latex\natbib\natbib.sty"
Package: natbib 2010/09/13 8.31b (PWD, AO)
\bibhang=\skip45
\bibsep=\skip46
LaTeX Info: Redefining \cite on input line 694.
\c@NAT@ctr=\count87
)
("C:\Program Files\MiKTeX 2.9\tex\latex\geometry\geometry.sty"
Package: geometry 2010/09/12 v5.6 Page Geometry

("C:\Program Files\MiKTeX 2.9\tex\latex\graphics\keyval.sty"
Package: keyval 2014/10/28 v1.15 key=value parser (DPC)
\KV@toks@=\toks15
)
("C:\Program Files\MiKTeX 2.9\tex\generic\oberdiek\ifpdf.sty"
Package: ifpdf 2017/03/15 v3.2 Provides the ifpdf switch
)
("C:\Program Files\MiKTeX 2.9\tex\generic\oberdiek\ifvtex.sty"
Package: ifvtex 2016/05/16 v1.6 Detect VTeX and its facilities (HO)
Package ifvtex Info: VTeX not detected.
)
("C:\Program Files\MiKTeX 2.9\tex\generic\ifxetex\ifxetex.sty"
Package: ifxetex 2010/09/12 v0.6 Provides ifxetex conditional
)
\Gm@cnth=\count88
\Gm@cntv=\count89
\c@Gm@tempcnt=\count90
\Gm@bindingoffset=\dimen108
\Gm@wd@mp=\dimen109
\Gm@odd@mp=\dimen110
\Gm@even@mp=\dimen111
\Gm@layoutwidth=\dimen112
\Gm@layoutheight=\dimen113
\Gm@layouthoffset=\dimen114
\Gm@layoutvoffset=\dimen115
\Gm@dimlist=\toks16

("C:\Program Files\MiKTeX 2.9\tex\latex\geometry\geometry.cfg"))
("C:\Program Files\MiKTeX 2.9\tex\latex\amsmath\amsmath.sty"
Package: amsmath 2016/11/05 v2.16a AMS math features
\@mathmargin=\skip47

For additional information on amsmath, use the `?' option.
("C:\Program Files\MiKTeX 2.9\tex\latex\amsmath\amstext.sty"
Package: amstext 2000/06/29 v2.01 AMS text

("C:\Program Files\MiKTeX 2.9\tex\latex\amsmath\amsgen.sty"
File: amsgen.sty 1999/11/30 v2.0 generic functions
\@emptytoks=\toks17
\ex@=\dimen116
))
("C:\Program Files\MiKTeX 2.9\tex\latex\amsmath\amsbsy.sty"
Package: amsbsy 1999/11/29 v1.2d Bold Symbols
\pmbraise@=\dimen117
)
("C:\Program Files\MiKTeX 2.9\tex\latex\amsmath\amsopn.sty"
Package: amsopn 2016/03/08 v2.02 operator names
)
\inf@bad=\count91
LaTeX Info: Redefining \frac on input line 213.
\uproot@=\count92
\leftroot@=\count93
LaTeX Info: Redefining \overline on input line 375.
\classnum@=\count94
\DOTSCASE@=\count95
LaTeX Info: Redefining \ldots on input line 472.
LaTeX Info: Redefining \dots on input line 475.
LaTeX Info: Redefining \cdots on input line 596.
\Mathstrutbox@=\box27
\strutbox@=\box28
\big@size=\dimen118
LaTeX Font Info:    Redeclaring font encoding OML on input line 712.
LaTeX Font Info:    Redeclaring font encoding OMS on input line 713.
\macc@depth=\count96
\c@MaxMatrixCols=\count97
\dotsspace@=\muskip10
\c@parentequation=\count98
\dspbrk@lvl=\count99
\tag@help=\toks18
\row@=\count100
\column@=\count101
\maxfields@=\count102
\andhelp@=\toks19
\eqnshift@=\dimen119
\alignsep@=\dimen120
\tagshift@=\dimen121
\tagwidth@=\dimen122
\totwidth@=\dimen123
\lineht@=\dimen124
\@envbody=\toks20
\multlinegap=\skip48
\multlinetaggap=\skip49
\mathdisplay@stack=\toks21
LaTeX Info: Redefining \[ on input line 2817.
LaTeX Info: Redefining \] on input line 2818.
)
("C:\Program Files\MiKTeX 2.9\tex\latex\amsfonts\amssymb.sty"
Package: amssymb 2013/01/14 v3.01 AMS font symbols

("C:\Program Files\MiKTeX 2.9\tex\latex\amsfonts\amsfonts.sty"
Package: amsfonts 2013/01/14 v3.01 Basic AMSFonts support
\symAMSa=\mathgroup4
\symAMSb=\mathgroup5
LaTeX Font Info:    Overwriting math alphabet `\mathfrak' in version `bold'
(Font)                  U/euf/m/n --> U/euf/b/n on input line 106.
))
("C:\Program Files\MiKTeX 2.9\tex\latex\graphics\graphicx.sty"
Package: graphicx 2014/10/28 v1.0g Enhanced LaTeX Graphics (DPC,SPQR)

("C:\Program Files\MiKTeX 2.9\tex\latex\graphics\graphics.sty"
Package: graphics 2017/04/14 v1.1b Standard LaTeX Graphics (DPC,SPQR)

("C:\Program Files\MiKTeX 2.9\tex\latex\graphics\trig.sty"
Package: trig 2016/01/03 v1.10 sin cos tan (DPC)
)
("C:\Program Files\MiKTeX 2.9\tex\latex\graphics-cfg\graphics.cfg"
File: graphics.cfg 2016/06/04 v1.11 sample graphics configuration
)
Package graphics Info: Driver file: pdftex.def on input line 99.

("C:\Program Files\MiKTeX 2.9\tex\latex\graphics-def\pdftex.def"
File: pdftex.def 2017/01/12 v0.06k Graphics/color for pdfTeX

("C:\Program Files\MiKTeX 2.9\tex\generic\oberdiek\infwarerr.sty"
Package: infwarerr 2016/05/16 v1.4 Providing info/warning/error messages (HO)
)
("C:\Program Files\MiKTeX 2.9\tex\generic\oberdiek\ltxcmds.sty"
Package: ltxcmds 2016/05/16 v1.23 LaTeX kernel commands for general use (HO)
)
\Gread@gobject=\count103
))
\Gin@req@height=\dimen125
\Gin@req@width=\dimen126
)
("C:\Program Files\MiKTeX 2.9\tex\latex\float\float.sty"
Package: float 2001/11/08 v1.3d Float enhancements (AL)
\c@float@type=\count104
\float@exts=\toks22
\float@box=\box29
\@float@everytoks=\toks23
\@floatcapt=\box30
)
("C:\Program Files\MiKTeX 2.9\tex\latex\caption\caption.sty"
Package: caption 2016/02/21 v3.3-144 Customizing captions (AR)

("C:\Program Files\MiKTeX 2.9\tex\latex\caption\caption3.sty"
Package: caption3 2016/05/22 v1.7-166 caption3 kernel (AR)
Package caption3 Info: TeX engine: e-TeX on input line 67.
\captionmargin=\dimen127
\captionmargin@=\dimen128
\captionwidth=\dimen129
\caption@tempdima=\dimen130
\caption@indent=\dimen131
\caption@parindent=\dimen132
\caption@hangindent=\dimen133
)
\c@ContinuedFloat=\count105
Package caption Info: float package is loaded.
)
("Sound Reflection.aux"

LaTeX Warning: Label `autocorrelation power spectrum' multiply defined.

)
\openout1 = `"Sound Reflection.aux"'.

LaTeX Font Info:    Checking defaults for OML/cmm/m/it on input line 28.
LaTeX Font Info:    ... okay on input line 28.
LaTeX Font Info:    Checking defaults for T1/cmr/m/n on input line 28.
LaTeX Font Info:    ... okay on input line 28.
LaTeX Font Info:    Checking defaults for OT1/cmr/m/n on input line 28.
LaTeX Font Info:    ... okay on input line 28.
LaTeX Font Info:    Checking defaults for OMS/cmsy/m/n on input line 28.
LaTeX Font Info:    ... okay on input line 28.
LaTeX Font Info:    Checking defaults for OMX/cmex/m/n on input line 28.
LaTeX Font Info:    ... okay on input line 28.
LaTeX Font Info:    Checking defaults for U/cmr/m/n on input line 28.
LaTeX Font Info:    ... okay on input line 28.

*geometry* driver: auto-detecting
*geometry* detected driver: pdftex
*geometry* verbose mode - [ preamble ] result:
* driver: pdftex
* paper: <default>
* layout: <same size as paper>
* layoutoffset:(h,v)=(0.0pt,0.0pt)
* modes: 
* h-part:(L,W,R)=(85.35826pt, 443.57848pt, 85.35826pt)
* v-part:(T,H,B)=(56.9055pt, 681.15898pt, 56.9055pt)
* \paperwidth=614.295pt
* \paperheight=794.96999pt
* \textwidth=443.57848pt
* \textheight=681.15898pt
* \oddsidemargin=13.08827pt
* \evensidemargin=13.08827pt
* \topmargin=-52.36449pt
* \headheight=12.0pt
* \headsep=25.0pt
* \topskip=12.0pt
* \footskip=30.0pt
* \marginparwidth=44.0pt
* \marginparsep=10.0pt
* \columnsep=10.0pt
* \skip\footins=10.8pt plus 4.0pt minus 2.0pt
* \hoffset=0.0pt
* \voffset=0.0pt
* \mag=1000
* \@twocolumnfalse
* \@twosidefalse
* \@mparswitchfalse
* \@reversemarginfalse
* (1in=72.27pt=25.4mm, 1cm=28.453pt)

("C:\Program Files\MiKTeX 2.9\tex\context\base\supp-pdf.mkii"
[Loading MPS to PDF converter (version 2006.09.02).]
\scratchcounter=\count106
\scratchdimen=\dimen134
\scratchbox=\box31
\nofMPsegments=\count107
\nofMParguments=\count108
\everyMPshowfont=\toks24
\MPscratchCnt=\count109
\MPscratchDim=\dimen135
\MPnumerator=\count110
\makeMPintoPDFobject=\count111
\everyMPtoPDFconversion=\toks25
) ("C:\Program Files\MiKTeX 2.9\tex\generic\oberdiek\pdftexcmds.sty"
Package: pdftexcmds 2017/03/19 v0.25 Utility functions of pdfTeX for LuaTeX (HO
)

("C:\Program Files\MiKTeX 2.9\tex\generic\oberdiek\ifluatex.sty"
Package: ifluatex 2016/05/16 v1.4 Provides the ifluatex switch (HO)
Package ifluatex Info: LuaTeX not detected.
)
Package pdftexcmds Info: LuaTeX not detected.
Package pdftexcmds Info: \pdf@primitive is available.
Package pdftexcmds Info: \pdf@ifprimitive is available.
Package pdftexcmds Info: \pdfdraftmode found.
)
("C:\Program Files\MiKTeX 2.9\tex\latex\oberdiek\epstopdf-base.sty"
Package: epstopdf-base 2016/05/15 v2.6 Base part for package epstopdf

("C:\Program Files\MiKTeX 2.9\tex\latex\oberdiek\grfext.sty"
Package: grfext 2016/05/16 v1.2 Manage graphics extensions (HO)

("C:\Program Files\MiKTeX 2.9\tex\generic\oberdiek\kvdefinekeys.sty"
Package: kvdefinekeys 2016/05/16 v1.4 Define keys (HO)
))
("C:\Program Files\MiKTeX 2.9\tex\latex\oberdiek\kvoptions.sty"
Package: kvoptions 2016/05/16 v3.12 Key value format for package options (HO)

("C:\Program Files\MiKTeX 2.9\tex\generic\oberdiek\kvsetkeys.sty"
Package: kvsetkeys 2016/05/16 v1.17 Key value parser (HO)

("C:\Program Files\MiKTeX 2.9\tex\generic\oberdiek\etexcmds.sty"
Package: etexcmds 2016/05/16 v1.6 Avoid name clashes with e-TeX commands (HO)
Package etexcmds Info: Could not find \expanded.
(etexcmds)             That can mean that you are not using pdfTeX 1.50 or
(etexcmds)             that some package has redefined \expanded.
(etexcmds)             In the latter case, load this package earlier.
)))
Package epstopdf-base Info: Redefining graphics rule for `.eps' on input line 4
38.
Package grfext Info: Graphics extension search list:
(grfext)             [.png,.pdf,.jpg,.mps,.jpeg,.jbig2,.jb2,.PNG,.PDF,.JPG,.JPE
G,.JBIG2,.JB2,.eps]
(grfext)             \AppendGraphicsExtensions on input line 456.
)
Package caption Info: Begin \AtBeginDocument code.
Package caption Info: End \AtBeginDocument code.
LaTeX Font Info:    Try loading font information for U+msa on input line 30.

("C:\Program Files\MiKTeX 2.9\tex\latex\amsfonts\umsa.fd"
File: umsa.fd 2013/01/14 v3.01 AMS symbols A
)
LaTeX Font Info:    Try loading font information for U+msb on input line 30.

("C:\Program Files\MiKTeX 2.9\tex\latex\amsfonts\umsb.fd"
File: umsb.fd 2013/01/14 v3.01 AMS symbols B
)
Underfull \hbox (badness 10000) in paragraph at lines 34--35

 []


Underfull \hbox (badness 10000) in paragraph at lines 42--43

 []


Underfull \hbox (badness 10000) in paragraph at lines 48--49

 []


Underfull \hbox (badness 10000) in paragraph at lines 50--51

 []

[1

{C:/ProgramData/MiKTeX/2.9/pdftex/config/pdftex.map}]
Underfull \hbox (badness 10000) in paragraph at lines 68--69

 []


Underfull \hbox (badness 10000) in paragraph at lines 84--85

 []

[2]
Underfull \hbox (badness 10000) in paragraph at lines 107--108

 []


Underfull \hbox (badness 10000) in paragraph at lines 109--110

 []

[3]
Underfull \hbox (badness 10000) in paragraph at lines 162--163

 []


Underfull \hbox (badness 10000) in paragraph at lines 176--177

 []


Underfull \hbox (badness 10000) in paragraph at lines 178--179

 []


Underfull \hbox (badness 10000) in paragraph at lines 180--181

 []


Underfull \hbox (badness 10000) in paragraph at lines 182--183

 []


Underfull \hbox (badness 10000) in paragraph at lines 188--189

 []

[4]
Underfull \hbox (badness 10000) in paragraph at lines 198--199

 []

<"Triangular window scipy".png, id=24, 350.05782pt x 216.81pt>
File: "Triangular window scipy".png Graphic file (type png)

<use "Triangular window scipy".png>
Package pdftex.def Info: "Triangular window scipy".png used on input line 208.
(pdftex.def)             Requested size: 221.78923pt x 137.36845pt.
 [5 <./Triangular window scipy.png>]
<"Unit pulse train".png, id=33, 462.528pt x 338.2236pt>
File: "Unit pulse train".png Graphic file (type png)

<use "Unit pulse train".png>
Package pdftex.def Info: "Unit pulse train".png used on input line 221.
(pdftex.def)             Requested size: 221.78923pt x 162.1855pt.

<"Single Cycle Sine Wave".png, id=34, 462.528pt x 338.2236pt>
File: "Single Cycle Sine Wave".png Graphic file (type png)

<use "Single Cycle Sine Wave".png>
Package pdftex.def Info: "Single Cycle Sine Wave".png used on input line 225.
(pdftex.def)             Requested size: 185.0079pt x 135.28703pt.

<"Convolution vs Full sequence 1".png, id=35, 462.528pt x 338.2236pt>
File: "Convolution vs Full sequence 1".png Graphic file (type png)

<use "Convolution vs Full sequence 1".png>
Package pdftex.def Info: "Convolution vs Full sequence 1".png used on input lin
e 229.
(pdftex.def)             Requested size: 185.0079pt x 135.28703pt.

Underfull \hbox (badness 10000) in paragraph at lines 234--235

 []


Underfull \hbox (badness 10000) in paragraph at lines 236--237

 []


Underfull \hbox (badness 10000) in paragraph at lines 238--239

 []


Underfull \hbox (badness 10000) in paragraph at lines 240--241

 []

[6 <./Unit pulse train.png> <./Single Cycle Sine Wave.png> <./Convolution vs Fu
ll sequence 1.png>]
<"Single Cycle Multiple Harmonics".png, id=42, 462.528pt x 338.2236pt>
File: "Single Cycle Multiple Harmonics".png Graphic file (type png)

<use "Single Cycle Multiple Harmonics".png>
Package pdftex.def Info: "Single Cycle Multiple Harmonics".png used on input li
ne 246.
(pdftex.def)             Requested size: 221.78923pt x 162.1855pt.

<"Convolution vs Full sequence 2".png, id=43, 462.528pt x 338.2236pt>
File: "Convolution vs Full sequence 2".png Graphic file (type png)

<use "Convolution vs Full sequence 2".png>
Package pdftex.def Info: "Convolution vs Full sequence 2".png used on input lin
e 250.
(pdftex.def)             Requested size: 185.0079pt x 135.28703pt.

Underfull \hbox (badness 10000) in paragraph at lines 255--256

 []

<"Reflection sequences".png, id=44, 462.528pt x 338.2236pt>
File: "Reflection sequences".png Graphic file (type png)

<use "Reflection sequences".png>
Package pdftex.def Info: "Reflection sequences".png used on input line 265.
(pdftex.def)             Requested size: 221.78923pt x 162.1855pt.

<"Reflection equation".png, id=45, 462.528pt x 338.2236pt>
File: "Reflection equation".png Graphic file (type png)

<use "Reflection equation".png>
Package pdftex.def Info: "Reflection equation".png used on input line 269.
(pdftex.def)             Requested size: 185.0079pt x 135.28703pt.
 [7 <./Single Cycle Multiple Harmonics.png> <./Convolution vs Full sequence 2.p
ng>]
Overfull \hbox (77.8247pt too wide) in paragraph at lines 282--283
\OT1/cmr/m/n/12 us-ing gen-er-ated wave-forms im-ported from Wave-forms3.py, in
 the file 'sound[]fundamental[]frequency.py'. 
 []

<"Signal A1".png, id=52, 462.528pt x 338.2236pt>
File: "Signal A1".png Graphic file (type png)
 <use "Signal A1".png>
Package pdftex.def Info: "Signal A1".png used on input line 286.
(pdftex.def)             Requested size: 221.78923pt x 162.1855pt.

<"Signal A2".png, id=53, 462.528pt x 338.2236pt>
File: "Signal A2".png Graphic file (type png)
 <use "Signal A2".png>
Package pdftex.def Info: "Signal A2".png used on input line 290.
(pdftex.def)             Requested size: 185.0079pt x 135.28703pt.

<"Signal A3".png, id=54, 462.528pt x 338.2236pt>
File: "Signal A3".png Graphic file (type png)
 <use "Signal A3".png>
Package pdftex.def Info: "Signal A3".png used on input line 294.
(pdftex.def)             Requested size: 185.0079pt x 135.28703pt.
 [8 <./Reflection sequences.png> <./Reflection equation.png>]
Underfull \hbox (badness 10000) in paragraph at lines 299--300

 []


Underfull \hbox (badness 10000) in paragraph at lines 301--302

 []


Underfull \hbox (badness 10000) in paragraph at lines 303--304

 []

<"Signal A1 auto-correlation".png, id=60, 462.528pt x 338.2236pt>
File: "Signal A1 auto-correlation".png Graphic file (type png)

<use "Signal A1 auto-correlation".png>
Package pdftex.def Info: "Signal A1 auto-correlation".png used on input line 30
9.
(pdftex.def)             Requested size: 221.78923pt x 162.1855pt.

<"Signal A2 auto-correlation".png, id=61, 462.528pt x 338.2236pt>
File: "Signal A2 auto-correlation".png Graphic file (type png)

<use "Signal A2 auto-correlation".png>
Package pdftex.def Info: "Signal A2 auto-correlation".png used on input line 31
3.
(pdftex.def)             Requested size: 185.0079pt x 135.28703pt.

<"Signal A3 auto-correlation".png, id=62, 462.528pt x 338.2236pt>
File: "Signal A3 auto-correlation".png Graphic file (type png)

<use "Signal A3 auto-correlation".png>
Package pdftex.def Info: "Signal A3 auto-correlation".png used on input line 31
7.
(pdftex.def)             Requested size: 185.0079pt x 135.28703pt.
 [9 <./Signal A1.png> <./Signal A2.png> <./Signal A3.png>]
Underfull \hbox (badness 10000) in paragraph at lines 322--323

 []


Underfull \hbox (badness 10000) in paragraph at lines 324--325

 []

<"Harmonic Numbers".png, id=69, 462.528pt x 338.2236pt>
File: "Harmonic Numbers".png Graphic file (type png)

<use "Harmonic Numbers".png>
Package pdftex.def Info: "Harmonic Numbers".png used on input line 330.
(pdftex.def)             Requested size: 221.78923pt x 162.1855pt.

<"Signal A1 fft".png, id=70, 462.528pt x 338.2236pt>
File: "Signal A1 fft".png Graphic file (type png)
 <use "Signal A1 fft".png>
Package pdftex.def Info: "Signal A1 fft".png used on input line 334.
(pdftex.def)             Requested size: 221.78923pt x 162.1855pt.

<"Signal A2 fft".png, id=71, 462.528pt x 338.2236pt>
File: "Signal A2 fft".png Graphic file (type png)
 <use "Signal A2 fft".png>
Package pdftex.def Info: "Signal A2 fft".png used on input line 338.
(pdftex.def)             Requested size: 221.78923pt x 162.1855pt.

<"Signal A3 fft".png, id=72, 462.528pt x 338.2236pt>
File: "Signal A3 fft".png Graphic file (type png)
 <use "Signal A3 fft".png>
Package pdftex.def Info: "Signal A3 fft".png used on input line 342.
(pdftex.def)             Requested size: 221.78923pt x 162.1855pt.

[10 <./Signal A1 auto-correlation.png> <./Signal A2 auto-correlation.png> <./Si
gnal A3 auto-correlation.png>]
Underfull \hbox (badness 10000) in paragraph at lines 347--348

 []


Underfull \hbox (badness 10000) in paragraph at lines 349--350

 []


Underfull \hbox (badness 10000) in paragraph at lines 355--356

 []

[11 <./Harmonic Numbers.png> <./Signal A1 fft.png> <./Signal A2 fft.png> <./Sig
nal A3 fft.png>]
Underfull \hbox (badness 10000) in paragraph at lines 357--359

 []


Overfull \hbox (2.55579pt too wide) in paragraph at lines 360--361
[]\OT1/cmr/m/n/12 Frames of sev-eral mil-lisec-onds were taken from the sound f
iles so that auto-correlation
 []

<"Dry speech sample".png, id=86, 462.528pt x 338.2236pt>
File: "Dry speech sample".png Graphic file (type png)

<use "Dry speech sample".png>
Package pdftex.def Info: "Dry speech sample".png used on input line 364.
(pdftex.def)             Requested size: 221.78923pt x 162.1855pt.

<"Reverbated speech sample".png, id=87, 462.528pt x 338.2236pt>
File: "Reverbated speech sample".png Graphic file (type png)

<use "Reverbated speech sample".png>
Package pdftex.def Info: "Reverbated speech sample".png used on input line 368.

(pdftex.def)             Requested size: 221.78923pt x 162.1855pt.

<"AA Frame 1 ntr".png, id=88, 462.528pt x 338.2236pt>
File: "AA Frame 1 ntr".png Graphic file (type png)

<use "AA Frame 1 ntr".png>
Package pdftex.def Info: "AA Frame 1 ntr".png used on input line 377.
(pdftex.def)             Requested size: 221.78923pt x 162.1855pt.

<"AA Frame 2 ntr".png, id=89, 462.528pt x 338.2236pt>
File: "AA Frame 2 ntr".png Graphic file (type png)

<use "AA Frame 2 ntr".png>
Package pdftex.def Info: "AA Frame 2 ntr".png used on input line 381.
(pdftex.def)             Requested size: 221.78923pt x 162.1855pt.

<"AA Frame 3 ntr".png, id=90, 462.528pt x 338.2236pt>
File: "AA Frame 3 ntr".png Graphic file (type png)

<use "AA Frame 3 ntr".png>
Package pdftex.def Info: "AA Frame 3 ntr".png used on input line 385.
(pdftex.def)             Requested size: 221.78923pt x 162.1855pt.

<"AA R Frame 1 ntr".png, id=91, 462.528pt x 338.2236pt>
File: "AA R Frame 1 ntr".png Graphic file (type png)

<use "AA R Frame 1 ntr".png>
Package pdftex.def Info: "AA R Frame 1 ntr".png used on input line 389.
(pdftex.def)             Requested size: 221.78923pt x 162.1855pt.

<"AA R Frame 2 ntr".png, id=92, 462.528pt x 338.2236pt>
File: "AA R Frame 2 ntr".png Graphic file (type png)

<use "AA R Frame 2 ntr".png>
Package pdftex.def Info: "AA R Frame 2 ntr".png used on input line 393.
(pdftex.def)             Requested size: 221.78923pt x 162.1855pt.

<"AA R Frame 3 ntr".png, id=93, 462.528pt x 338.2236pt>
File: "AA R Frame 3 ntr".png Graphic file (type png)

<use "AA R Frame 3 ntr".png>
Package pdftex.def Info: "AA R Frame 3 ntr".png used on input line 397.
(pdftex.def)             Requested size: 221.78923pt x 162.1855pt.
 [12 <./Dry speech sample.png> <./Reverbated speech sample.png>]
<"Triangularization Frame 1 dry speech".png, id=99, 462.528pt x 338.2236pt>
File: "Triangularization Frame 1 dry speech".png Graphic file (type png)

<use "Triangularization Frame 1 dry speech".png>
Package pdftex.def Info: "Triangularization Frame 1 dry speech".png used on inp
ut line 406.
(pdftex.def)             Requested size: 221.78923pt x 162.1855pt.
 [13 <./AA Frame 1 ntr.png> <./AA Frame 2 ntr.png> <./AA Frame 3 ntr.png> <./AA
 R Frame 1 ntr.png> <./AA R Frame 2 ntr.png> <./AA R Frame 3 ntr.png>]
<"AA Frame 1 tr".png, id=110, 462.528pt x 338.2236pt>
File: "AA Frame 1 tr".png Graphic file (type png)

<use "AA Frame 1 tr".png>
Package pdftex.def Info: "AA Frame 1 tr".png used on input line 415.
(pdftex.def)             Requested size: 221.78923pt x 162.1855pt.

<"AA Frame 2 tr".png, id=111, 462.528pt x 338.2236pt>
File: "AA Frame 2 tr".png Graphic file (type png)

<use "AA Frame 2 tr".png>
Package pdftex.def Info: "AA Frame 2 tr".png used on input line 419.
(pdftex.def)             Requested size: 221.78923pt x 162.1855pt.

<"AA Frame 3 tr".png, id=112, 462.528pt x 338.2236pt>
File: "AA Frame 3 tr".png Graphic file (type png)

<use "AA Frame 3 tr".png>
Package pdftex.def Info: "AA Frame 3 tr".png used on input line 423.
(pdftex.def)             Requested size: 221.78923pt x 162.1855pt.

<"AA R Frame 1 tr".png, id=113, 462.528pt x 338.2236pt>
File: "AA R Frame 1 tr".png Graphic file (type png)

<use "AA R Frame 1 tr".png>
Package pdftex.def Info: "AA R Frame 1 tr".png used on input line 427.
(pdftex.def)             Requested size: 221.78923pt x 162.1855pt.

<"AA R Frame 2 tr".png, id=114, 462.528pt x 338.2236pt>
File: "AA R Frame 2 tr".png Graphic file (type png)

<use "AA R Frame 2 tr".png>
Package pdftex.def Info: "AA R Frame 2 tr".png used on input line 431.
(pdftex.def)             Requested size: 221.78923pt x 162.1855pt.

<"AA R Frame 3 tr".png, id=115, 462.528pt x 338.2236pt>
File: "AA R Frame 3 tr".png Graphic file (type png)

<use "AA R Frame 3 tr".png>
Package pdftex.def Info: "AA R Frame 3 tr".png used on input line 435.
(pdftex.def)             Requested size: 221.78923pt x 162.1855pt.
 [14 <./Triangularization Frame 1 dry speech.png>]
Underfull \hbox (badness 10000) in paragraph at lines 440--441

 []

[15 <./AA Frame 1 tr.png> <./AA Frame 2 tr.png> <./AA Frame 3 tr.png> <./AA R F
rame 1 tr.png> <./AA R Frame 2 tr.png> <./AA R Frame 3 tr.png>]
Underfull \hbox (badness 10000) in paragraph at lines 442--443

 []

<"FFT Frame 1".png, id=129, 462.528pt x 338.2236pt>
File: "FFT Frame 1".png Graphic file (type png)
 <use "FFT Frame 1".png>
Package pdftex.def Info: "FFT Frame 1".png used on input line 448.
(pdftex.def)             Requested size: 221.78923pt x 162.1855pt.

<"FFT Frame 2".png, id=130, 462.528pt x 338.2236pt>
File: "FFT Frame 2".png Graphic file (type png)
 <use "FFT Frame 2".png>
Package pdftex.def Info: "FFT Frame 2".png used on input line 452.
(pdftex.def)             Requested size: 221.78923pt x 162.1855pt.

<"FFT Frame 3".png, id=131, 462.528pt x 338.2236pt>
File: "FFT Frame 3".png Graphic file (type png)
 <use "FFT Frame 3".png>
Package pdftex.def Info: "FFT Frame 3".png used on input line 456.
(pdftex.def)             Requested size: 221.78923pt x 162.1855pt.

<"FFT R Frame 1".png, id=132, 462.528pt x 338.2236pt>
File: "FFT R Frame 1".png Graphic file (type png)

<use "FFT R Frame 1".png>
Package pdftex.def Info: "FFT R Frame 1".png used on input line 460.
(pdftex.def)             Requested size: 221.78923pt x 162.1855pt.

<"FFT R Frame 2".png, id=133, 462.528pt x 338.2236pt>
File: "FFT R Frame 2".png Graphic file (type png)

<use "FFT R Frame 2".png>
Package pdftex.def Info: "FFT R Frame 2".png used on input line 464.
(pdftex.def)             Requested size: 221.78923pt x 162.1855pt.

<"FFT R Frame 3".png, id=134, 462.528pt x 338.2236pt>
File: "FFT R Frame 3".png Graphic file (type png)

<use "FFT R Frame 3".png>
Package pdftex.def Info: "FFT R Frame 3".png used on input line 468.
(pdftex.def)             Requested size: 221.78923pt x 162.1855pt.
 [16] [17 <./FFT Frame 1.png> <./FFT Frame 2.png> <./FFT Frame 3.png> <./FFT R 
Frame 1.png> <./FFT R Frame 2.png> <./FFT R Frame 3.png>]
Underfull \hbox (badness 10000) in paragraph at lines 477--478

 []

("Sound Reflection.bbl") [18] ("Sound Reflection.aux")

LaTeX Warning: There were multiply-defined labels.

 ) 
Here is how much of TeX's memory you used:
 4866 strings out of 493323
 72253 string characters out of 3139065
 140298 words of memory out of 3000000
 8302 multiletter control sequences out of 15000+200000
 14592 words of font info for 56 fonts, out of 3000000 for 9000
 1141 hyphenation exceptions out of 8191
 39i,9n,45p,860b,422s stack positions out of 5000i,500n,10000p,200000b,50000s
<C:/Program Files/MiKTeX 2.9/fonts/type1/public/amsfonts/cm/cmbx10.pfb><C:/Pr
ogram Files/MiKTeX 2.9/fonts/type1/public/amsfonts/cm/cmbx12.pfb><C:/Program Fi
les/MiKTeX 2.9/fonts/type1/public/amsfonts/cm/cmex10.pfb><C:/Program Files/MiKT
eX 2.9/fonts/type1/public/amsfonts/cm/cmmi12.pfb><C:/Program Files/MiKTeX 2.9/f
onts/type1/public/amsfonts/cm/cmmi8.pfb><C:/Program Files/MiKTeX 2.9/fonts/type
1/public/amsfonts/cm/cmr10.pfb><C:/Program Files/MiKTeX 2.9/fonts/type1/public/
amsfonts/cm/cmr12.pfb><C:/Program Files/MiKTeX 2.9/fonts/type1/public/amsfonts/
cm/cmr7.pfb><C:/Program Files/MiKTeX 2.9/fonts/type1/public/amsfonts/cm/cmr8.pf
b><C:/Program Files/MiKTeX 2.9/fonts/type1/public/amsfonts/cm/cmssbx10.pfb><C:/
Program Files/MiKTeX 2.9/fonts/type1/public/amsfonts/cm/cmsy10.pfb><C:/Program 
Files/MiKTeX 2.9/fonts/type1/public/amsfonts/cm/cmsy8.pfb><C:/Program Files/MiK
TeX 2.9/fonts/type1/public/amsfonts/cm/cmti12.pfb>
Output written on "Sound Reflection.pdf" (18 pages, 1947378 bytes).
PDF statistics:
 191 PDF objects out of 1000 (max. 8388607)
 0 named destinations out of 1000 (max. 500000)
 196 words of extra memory for PDF output out of 10000 (max. 10000000)

